BEGIN of run_geometry_list()
---------------------------------------
Running: 441707 ...
Skipping run: /users/pere.antoni.martorell/STLCutters.jl/analysis/data/titani/441707.bson is found
---------------------------------------
Running: 441718 ...
Skipping run: /users/pere.antoni.martorell/STLCutters.jl/analysis/data/titani/441718.bson is found
---------------------------------------
Running: 548860 ...
Skipping run: /users/pere.antoni.martorell/STLCutters.jl/analysis/data/titani/548860.bson is found
---------------------------------------
Running: 237739 ...
Skipping run: /users/pere.antoni.martorell/STLCutters.jl/analysis/data/titani/237739.bson is found
---------------------------------------
Running: 88991 ...
Skipping run: /users/pere.antoni.martorell/STLCutters.jl/analysis/data/titani/88991.bson is found
---------------------------------------
Running: 73153 ...
CapturedException(ArgumentError("cannot parse \"-5.709769e-047\" as Float32"), Any[(_parse_failure(::Type{T} where T, ::SubString{String}, ::Int64, ::Int64) at parse.jl:370, 2), (#tryparse_internal#364 at parse.jl:366 [inlined], 1), (tryparse_internal at parse.jl:364 [inlined], 1), (#parse#365 at parse.jl:376 [inlined], 1), (parse at parse.jl:376 [inlined], 1), (_broadcast_getindex_evalf at broadcast.jl:648 [inlined], 1), (_broadcast_getindex at broadcast.jl:631 [inlined], 1), (getindex at broadcast.jl:575 [inlined], 1), (macro expansion at broadcast.jl:932 [inlined], 1), (macro expansion at simdloop.jl:77 [inlined], 1), (copyto! at broadcast.jl:931 [inlined], 1), (copyto! at broadcast.jl:886 [inlined], 1), (copy at broadcast.jl:862 [inlined], 1), (materialize(::Base.Broadcast.Broadcasted{Base.Broadcast.DefaultArrayStyle{1},Nothing,typeof(parse),Tuple{Base.RefValue{Type{Float32}},Array{SubString{String},1}}}) at broadcast.jl:837, 1), (load(::Stream{DataFormat{:STL_ASCII},IOStream,String}; facetype::Type{T} where T, pointtype::Type{T} where T, normaltype::Type{T} where T, topology::Bool) at stl.jl:111, 1), (load at stl.jl:96 [inlined], 1), (#21 at MeshIO.jl:29 [inlined], 1), (open(::MeshIO.var"#21#22"{Base.Iterators.Pairs{Union{},Union{},Tuple{},NamedTuple{(),Tuple{}}}}, ::File{DataFormat{:STL_ASCII},String}; kwargs::Base.Iterators.Pairs{Union{},Union{},Tuple{},NamedTuple{(),Tuple{}}}) at io.jl:325, 1), (open at io.jl:323 [inlined], 1), (#load#20 at MeshIO.jl:27 [inlined], 1), (load(::File{DataFormat{:STL_ASCII},String}) at MeshIO.jl:27, 1), (#invokelatest#1 at essentials.jl:710 [inlined], 1), (invokelatest at essentials.jl:709 [inlined], 1), (action(::Symbol, ::Array{Union{Base.PkgId, Module},1}, ::Formatted; options::Base.Iterators.Pairs{Union{},Union{},Tuple{},NamedTuple{(),Tuple{}}}) at loadsave.jl:212, 1), (action at loadsave.jl:192 [inlined], 1), (load(::Formatted; options::Base.Iterators.Pairs{Union{},Union{},Tuple{},NamedTuple{(),Tuple{}}}) at loadsave.jl:120, 1), (load at loadsave.jl:117 [inlined], 1), (read_stl(::String) at STLs.jl:146, 1), (_run_and_save(::String; title::String, verbose::Bool, vtk::Bool, δ::Float64, nmin::Int64, nmax::Int64, Δx::Int64, θ::Int64, kdtree::Bool, tolfactor::Float64, poisson::Bool, solution_order::Int64, agfem_threshold::Int64, solver::Symbol, threading::Symbol, nruns::Int64, nthreads::Int64, max_num_facets::Int64) at RunSave.jl:168, 1), (run_and_save(::String; datapath::String, verbose::Bool, vtk::Bool, rerun::Bool, params::Base.Iterators.Pairs{Union{},Union{},Tuple{},NamedTuple{(),Tuple{}}}) at RunSave.jl:271, 1), (run_geometry_list(::Array{Int64,1}, ::Dict{Int64,Union{Nothing, String}}; verbose::Bool, params::Base.Iterators.Pairs{Symbol,Any,Tuple{Symbol,Symbol},NamedTuple{(:rerun, :datapath),Tuple{Bool,String}}}) at RunSave.jl:304, 1), (top-level scope at none:5, 1), (eval(::Module, ::Any) at boot.jl:331, 1), (exec_options(::Base.JLOptions) at client.jl:272, 1), (_start() at client.jl:506, 1)])
Failed run of geometry 73153
---------------------------------------
Running: 73154 ...
CapturedException(ArgumentError("cannot parse \"5.707959e-047\" as Float32"), Any[(_parse_failure(::Type{T} where T, ::SubString{String}, ::Int64, ::Int64) at parse.jl:370, 2), (#tryparse_internal#364 at parse.jl:366 [inlined], 1), (tryparse_internal at parse.jl:364 [inlined], 1), (#parse#365 at parse.jl:376 [inlined], 1), (parse at parse.jl:376 [inlined], 1), (_broadcast_getindex_evalf at broadcast.jl:648 [inlined], 1), (_broadcast_getindex at broadcast.jl:631 [inlined], 1), (getindex at broadcast.jl:575 [inlined], 1), (macro expansion at broadcast.jl:932 [inlined], 1), (macro expansion at simdloop.jl:77 [inlined], 1), (copyto! at broadcast.jl:931 [inlined], 1), (copyto! at broadcast.jl:886 [inlined], 1), (copy at broadcast.jl:862 [inlined], 1), (materialize(::Base.Broadcast.Broadcasted{Base.Broadcast.DefaultArrayStyle{1},Nothing,typeof(parse),Tuple{Base.RefValue{Type{Float32}},Array{SubString{String},1}}}) at broadcast.jl:837, 1), (load(::Stream{DataFormat{:STL_ASCII},IOStream,String}; facetype::Type{T} where T, pointtype::Type{T} where T, normaltype::Type{T} where T, topology::Bool) at stl.jl:111, 1), (load at stl.jl:96 [inlined], 1), (#21 at MeshIO.jl:29 [inlined], 1), (open(::MeshIO.var"#21#22"{Base.Iterators.Pairs{Union{},Union{},Tuple{},NamedTuple{(),Tuple{}}}}, ::File{DataFormat{:STL_ASCII},String}; kwargs::Base.Iterators.Pairs{Union{},Union{},Tuple{},NamedTuple{(),Tuple{}}}) at io.jl:325, 1), (open at io.jl:323 [inlined], 1), (#load#20 at MeshIO.jl:27 [inlined], 1), (load(::File{DataFormat{:STL_ASCII},String}) at MeshIO.jl:27, 1), (#invokelatest#1 at essentials.jl:710 [inlined], 1), (invokelatest at essentials.jl:709 [inlined], 1), (action(::Symbol, ::Array{Union{Base.PkgId, Module},1}, ::Formatted; options::Base.Iterators.Pairs{Union{},Union{},Tuple{},NamedTuple{(),Tuple{}}}) at loadsave.jl:212, 1), (action at loadsave.jl:192 [inlined], 1), (load(::Formatted; options::Base.Iterators.Pairs{Union{},Union{},Tuple{},NamedTuple{(),Tuple{}}}) at loadsave.jl:120, 1), (load at loadsave.jl:117 [inlined], 1), (read_stl(::String) at STLs.jl:146, 1), (_run_and_save(::String; title::String, verbose::Bool, vtk::Bool, δ::Float64, nmin::Int64, nmax::Int64, Δx::Int64, θ::Int64, kdtree::Bool, tolfactor::Float64, poisson::Bool, solution_order::Int64, agfem_threshold::Int64, solver::Symbol, threading::Symbol, nruns::Int64, nthreads::Int64, max_num_facets::Int64) at RunSave.jl:168, 1), (run_and_save(::String; datapath::String, verbose::Bool, vtk::Bool, rerun::Bool, params::Base.Iterators.Pairs{Union{},Union{},Tuple{},NamedTuple{(),Tuple{}}}) at RunSave.jl:271, 1), (run_geometry_list(::Array{Int64,1}, ::Dict{Int64,Union{Nothing, String}}; verbose::Bool, params::Base.Iterators.Pairs{Symbol,Any,Tuple{Symbol,Symbol},NamedTuple{(:rerun, :datapath),Tuple{Bool,String}}}) at RunSave.jl:304, 1), (top-level scope at none:5, 1), (eval(::Module, ::Any) at boot.jl:331, 1), (exec_options(::Base.JLOptions) at client.jl:272, 1), (_start() at client.jl:506, 1)])
Failed run of geometry 73154
---------------------------------------
Running: 82536 ...
Skipping run: /users/pere.antoni.martorell/STLCutters.jl/analysis/data/titani/82536.bson is found
---------------------------------------
Running: 84915 ...
Skipping run: /users/pere.antoni.martorell/STLCutters.jl/analysis/data/titani/84915.bson is found
---------------------------------------
Running: 89266 ...
---------------------------------------
Maximum num facets per vertex: 128
Maximum num facets per bgcell: 4983
Please refine your mesh
Not matching requisites
---------------------------------------
Running: 91474 ...
---------------------------------------
Maximum num facets per vertex: 16
Maximum num facets per bgcell: 27
---------------------------------------
Num stl facets:	14800
Minimum stl facet height (scaled):	1.039644941731945e-6
Num background grid cells:	334960
Background grid partition:	(212, 158, 10)
Background grid size:	0.5357799863815307
---------------------------------------
TIME: 	 26.468448339 s
Domain volume:	3562.5198331267347
Domain surface:	6184.715551892965
Box volume: 	 51517.218709808636
Volume error: 	 -1.0592513235965102e-14
Surface error: 	 1.6234896210381557e-13
Num subcells: 	 944013
MIN num subcells per cut cell: 	 9
MAX num subcells per cut cell: 	 548
AVG num subcells per cut cell: 	 35.05042141610664
---------------------------------------
---------------------------------------
Running: 95796 ...
---------------------------------------
Has sharp edges
Maximum num facets per vertex: 15
Maximum num facets per bgcell: 49
Not matching requisites
---------------------------------------
Running: 95797 ...
---------------------------------------
Has sharp edges
Maximum num facets per vertex: 15
Maximum num facets per bgcell: 49
Not matching requisites
---------------------------------------
Running: 98765 ...
CapturedException(ArgumentError("cannot parse \"-6.708861e-48\" as Float32"), Any[(_parse_failure(::Type{T} where T, ::SubString{String}, ::Int64, ::Int64) at parse.jl:370, 2), (#tryparse_internal#364 at parse.jl:366 [inlined], 1), (tryparse_internal at parse.jl:364 [inlined], 1), (#parse#365 at parse.jl:376 [inlined], 1), (parse at parse.jl:376 [inlined], 1), (_broadcast_getindex_evalf at broadcast.jl:648 [inlined], 1), (_broadcast_getindex at broadcast.jl:631 [inlined], 1), (getindex at broadcast.jl:575 [inlined], 1), (macro expansion at broadcast.jl:932 [inlined], 1), (macro expansion at simdloop.jl:77 [inlined], 1), (copyto! at broadcast.jl:931 [inlined], 1), (copyto! at broadcast.jl:886 [inlined], 1), (copy at broadcast.jl:862 [inlined], 1), (materialize(::Base.Broadcast.Broadcasted{Base.Broadcast.DefaultArrayStyle{1},Nothing,typeof(parse),Tuple{Base.RefValue{Type{Float32}},Array{SubString{String},1}}}) at broadcast.jl:837, 1), (load(::Stream{DataFormat{:STL_ASCII},IOStream,String}; facetype::Type{T} where T, pointtype::Type{T} where T, normaltype::Type{T} where T, topology::Bool) at stl.jl:111, 1), (load at stl.jl:96 [inlined], 1), (#21 at MeshIO.jl:29 [inlined], 1), (open(::MeshIO.var"#21#22"{Base.Iterators.Pairs{Union{},Union{},Tuple{},NamedTuple{(),Tuple{}}}}, ::File{DataFormat{:STL_ASCII},String}; kwargs::Base.Iterators.Pairs{Union{},Union{},Tuple{},NamedTuple{(),Tuple{}}}) at io.jl:325, 1), (open at io.jl:323 [inlined], 1), (#load#20 at MeshIO.jl:27 [inlined], 1), (load(::File{DataFormat{:STL_ASCII},String}) at MeshIO.jl:27, 1), (#invokelatest#1 at essentials.jl:710 [inlined], 1), (invokelatest at essentials.jl:709 [inlined], 1), (action(::Symbol, ::Array{Union{Base.PkgId, Module},1}, ::Formatted; options::Base.Iterators.Pairs{Union{},Union{},Tuple{},NamedTuple{(),Tuple{}}}) at loadsave.jl:212, 1), (action at loadsave.jl:192 [inlined], 1), (load(::Formatted; options::Base.Iterators.Pairs{Union{},Union{},Tuple{},NamedTuple{(),Tuple{}}}) at loadsave.jl:120, 1), (load at loadsave.jl:117 [inlined], 1), (read_stl(::String) at STLs.jl:146, 1), (_run_and_save(::String; title::String, verbose::Bool, vtk::Bool, δ::Float64, nmin::Int64, nmax::Int64, Δx::Int64, θ::Int64, kdtree::Bool, tolfactor::Float64, poisson::Bool, solution_order::Int64, agfem_threshold::Int64, solver::Symbol, threading::Symbol, nruns::Int64, nthreads::Int64, max_num_facets::Int64) at RunSave.jl:168, 1), (run_and_save(::String; datapath::String, verbose::Bool, vtk::Bool, rerun::Bool, params::Base.Iterators.Pairs{Union{},Union{},Tuple{},NamedTuple{(),Tuple{}}}) at RunSave.jl:271, 1), (run_geometry_list(::Array{Int64,1}, ::Dict{Int64,Union{Nothing, String}}; verbose::Bool, params::Base.Iterators.Pairs{Symbol,Any,Tuple{Symbol,Symbol},NamedTuple{(:rerun, :datapath),Tuple{Bool,String}}}) at RunSave.jl:304, 1), (top-level scope at none:5, 1), (eval(::Module, ::Any) at boot.jl:331, 1), (exec_options(::Base.JLOptions) at client.jl:272, 1), (_start() at client.jl:506, 1)])
Failed run of geometry 98765
---------------------------------------
Running: 39182 ...
Skipping run: /users/pere.antoni.martorell/STLCutters.jl/analysis/data/titani/39182.bson is found
---------------------------------------
Running: 111599 ...
@warn: Unable to fix small facets in 100 iterations
---------------------------------------
Has sharp edges
Maximum num facets per vertex: 121
Maximum num facets per bgcell: 242
Not matching requisites
---------------------------------------
Running: 119829 ...
---------------------------------------
Maximum num facets per vertex: 19
Maximum num facets per bgcell: 21174
Please refine your mesh
Not matching requisites
---------------------------------------
Running: 119830 ...
---------------------------------------
Maximum num facets per vertex: 19
Maximum num facets per bgcell: 21174
Please refine your mesh
Not matching requisites
---------------------------------------
Running: 124043 ...
---------------------------------------
Maximum num facets per vertex: 25
Maximum num facets per bgcell: 67
---------------------------------------
Num stl facets:	4420
Minimum stl facet height (scaled):	1.1920928955078125e-7
Num background grid cells:	873600
Background grid partition:	(100, 96, 91)
Background grid size:	0.039368164062498184
---------------------------------------
TIME: 	 7.84920486 s
Domain volume:	1.559228695850761
Domain surface:	20.9066771256149
Box volume: 	 53.302565323680206
Volume error: 	 5.1721822355225466e-14
Surface error: 	 -5.0129943125305494e-14
Num subcells: 	 497624
MIN num subcells per cut cell: 	 9
MAX num subcells per cut cell: 	 1282
AVG num subcells per cut cell: 	 30.592893151358663
---------------------------------------
---------------------------------------
Running: 124186 ...
---------------------------------------
Maximum num facets per vertex: 27
Maximum num facets per bgcell: 206
---------------------------------------
Num stl facets:	31730
Minimum stl facet height (scaled):	1.20104291469143e-7
Num background grid cells:	215000
Background grid partition:	(100, 86, 25)
Background grid size:	2.124910530090332
---------------------------------------
TIME: 	 38.43856575 s
Domain volume:	216352.10162404724
Domain surface:	45960.74626073447
Box volume: 	 2.0628155947447687e6
Volume error: 	 3.950460985774018e-15
Surface error: 	 -1.6770610549994822e-9
Num subcells: 	 1231922
MIN num subcells per cut cell: 	 9
MAX num subcells per cut cell: 	 4151
AVG num subcells per cut cell: 	 103.87200674536257
---------------------------------------
---------------------------------------
Running: 126284 ...
---------------------------------------
Maximum num facets per vertex: 31
Maximum num facets per bgcell: 61
---------------------------------------
Num stl facets:	7026
Minimum stl facet height (scaled):	1.2643760323172227e-7
Num background grid cells:	990000
Background grid partition:	(100, 100, 99)
Background grid size:	0.5284158325195313
---------------------------------------
TIME: 	 16.464479823 s
Domain volume:	4670.109109316172
Domain surface:	7451.327597104018
Box volume: 	 146070.54824799424
Volume error: 	 -7.969801114820788e-15
Surface error: 	 1.5367111626886052e-13
Num subcells: 	 1140086
MIN num subcells per cut cell: 	 9
MAX num subcells per cut cell: 	 791
AVG num subcells per cut cell: 	 33.895822803627176
---------------------------------------
---------------------------------------
Running: 135071 ...
---------------------------------------
Maximum num facets per vertex: 259
Maximum num facets per bgcell: 496
---------------------------------------
Num stl facets:	42672
Minimum stl facet height (scaled):	1.2998753256186423e-7
Num background grid cells:	760000
Background grid partition:	(100, 100, 76)
Background grid size:	0.26808943220973014
---------------------------------------
TIME: 	 94.181163304 s
Domain volume:	1490.3726786197312
Domain surface:	1832.7231569730543
Box volume: 	 14643.762511907125
Volume error: 	 -2.7327516985794893e-15
Surface error: 	 1.0719068771269952e-13
Num subcells: 	 2318208
MIN num subcells per cut cell: 	 9
MAX num subcells per cut cell: 	 15152
AVG num subcells per cut cell: 	 73.18961924606933
---------------------------------------
---------------------------------------
Running: 135074 ...
---------------------------------------
Maximum num facets per vertex: 234
Maximum num facets per bgcell: 455
---------------------------------------
Num stl facets:	44554
Minimum stl facet height (scaled):	1.209343620164928e-7
Num background grid cells:	662400
Background grid partition:	(92, 100, 72)
Background grid size:	0.2848885158002376
---------------------------------------
TIME: 	 80.852085465 s
Domain volume:	1480.5691040374772
Domain surface:	1852.8217554326595
Box volume: 	 15315.992737757857
Volume error: 	 -6.056966803865126e-15
Surface error: 	 1.644414656728454e-13
Num subcells: 	 2311274
MIN num subcells per cut cell: 	 9
MAX num subcells per cut cell: 	 10253
AVG num subcells per cut cell: 	 80.16627935208629
---------------------------------------
---------------------------------------
Running: 135218 ...
---------------------------------------
Is not vertex manifold
Maximum num facets per vertex: 67
Maximum num facets per bgcell: 67
Not matching requisites
---------------------------------------
Running: 135803 ...
---------------------------------------
Maximum num facets per vertex: 30
Maximum num facets per bgcell: 131
---------------------------------------
Num stl facets:	16248
Minimum stl facet height (scaled):	1.9228264233582935e-7
Num background grid cells:	324000
Background grid partition:	(100, 90, 36)
Background grid size:	0.5304059448242188
---------------------------------------
TIME: 	 8.692140896 s
Domain volume:	3726.2638154884817
Domain surface:	3275.179316763491
Box volume: 	 48347.069979400694
Volume error: 	 1.3544485437390836e-15
Surface error: 	 -7.095058738116112e-14
Num subcells: 	 856135
MIN num subcells per cut cell: 	 9
MAX num subcells per cut cell: 	 2361
AVG num subcells per cut cell: 	 64.10115303983228
---------------------------------------
---------------------------------------
Running: 138581 ...
---------------------------------------
Has sharp edges
Maximum num facets per vertex: 42
Maximum num facets per bgcell: 168
Not matching requisites
---------------------------------------
Running: 190399 ...
---------------------------------------
Maximum num facets per vertex: 22
Maximum num facets per bgcell: 80
---------------------------------------
Num stl facets:	2710
Minimum stl facet height (scaled):	7.642632108971627e-8
Num background grid cells:	101400
Background grid partition:	(100, 39, 26)
Background grid size:	0.7329000053405761
---------------------------------------
TIME: 	 0.9970234 s
Domain volume:	4316.419771114131
Domain surface:	3869.7161507832075
Box volume: 	 39918.308442747904
Volume error: 	 2.7340678618504715e-15
Surface error: 	 -8.461036414053636e-14
Num subcells: 	 200591
MIN num subcells per cut cell: 	 9
MAX num subcells per cut cell: 	 1630
AVG num subcells per cut cell: 	 25.849355670103094
---------------------------------------
---------------------------------------
Running: 190402 ...
---------------------------------------
Maximum num facets per vertex: 21
Maximum num facets per bgcell: 48
---------------------------------------
Num stl facets:	4728
Minimum stl facet height (scaled):	4.003950608534933e-7
Num background grid cells:	178000
Background grid partition:	(100, 89, 20)
Background grid size:	0.7630420036315918
---------------------------------------
TIME: 	 3.315527478 s
Domain volume:	5232.196339463457
Domain surface:	5130.50070978298
Box volume: 	 79079.75930018009
Volume error: 	 -3.496297811042282e-15
Surface error: 	 -7.002248465053386e-14
Num subcells: 	 306291
MIN num subcells per cut cell: 	 9
MAX num subcells per cut cell: 	 734
AVG num subcells per cut cell: 	 31.6940190397351
---------------------------------------
---------------------------------------
Running: 190415 ...
---------------------------------------
Maximum num facets per vertex: 18
Maximum num facets per bgcell: 46
---------------------------------------
Num stl facets:	1288
Minimum stl facet height (scaled):	4.109317729812168e-7
Num background grid cells:	76000
Background grid partition:	(100, 38, 20)
Background grid size:	0.7630420036315918
---------------------------------------
TIME: 	 1.971664429 s
Domain volume:	4200.087268178655
Domain surface:	3798.363543712033
Box volume: 	 33764.391611312836
Volume error: 	 6.895745267208049e-15
Surface error: 	 5.662846499392173e-14
Num subcells: 	 139051
MIN num subcells per cut cell: 	 9
MAX num subcells per cut cell: 	 794
AVG num subcells per cut cell: 	 20.536257569044455
---------------------------------------
---------------------------------------
Running: 196123 ...
---------------------------------------
Maximum num facets per vertex: 18
Maximum num facets per bgcell: 44
---------------------------------------
Num stl facets:	976
Minimum stl facet height (scaled):	1.3038515936036644e-7
Num background grid cells:	67200
Background grid partition:	(100, 16, 42)
Background grid size:	2.0460903015136718
---------------------------------------
TIME: 	 1.478214591 s
Domain volume:	71219.55215133529
Domain surface:	22117.342862341808
Box volume: 	 575630.3228851282
Volume error: 	 6.269431670219986e-15
Surface error: 	 2.4014860606955348e-14
Num subcells: 	 138738
MIN num subcells per cut cell: 	 12
MAX num subcells per cut cell: 	 312
AVG num subcells per cut cell: 	 24.14934725848564
---------------------------------------
---------------------------------------
Running: 196126 ...
---------------------------------------
Maximum num facets per vertex: 20
Maximum num facets per bgcell: 77
---------------------------------------
Num stl facets:	2408
Minimum stl facet height (scaled):	1.0595319306633735e-7
Num background grid cells:	81700
Background grid partition:	(100, 19, 43)
Background grid size:	2.1023807220458983
---------------------------------------
TIME: 	 3.657726028 s
Domain volume:	77098.0633909671
Domain surface:	25085.466678468354
Box volume: 	 759199.9194279548
Volume error: 	 -3.0667896254428456e-16
Surface error: 	 1.8998060902652646e-14
Num subcells: 	 252495
MIN num subcells per cut cell: 	 9
MAX num subcells per cut cell: 	 869
AVG num subcells per cut cell: 	 42.27272727272727
---------------------------------------
---------------------------------------
Running: 196127 ...
---------------------------------------
Maximum num facets per vertex: 26
Maximum num facets per bgcell: 80
---------------------------------------
Num stl facets:	2408
Minimum stl facet height (scaled):	1.253473314321668e-7
Num background grid cells:	81700
Background grid partition:	(100, 19, 43)
Background grid size:	2.1023807220458983
---------------------------------------
TIME: 	 3.191413531 s
Domain volume:	77097.89047992016
Domain surface:	25085.467092358613
Box volume: 	 759199.9194279548
Volume error: 	 0.0
Surface error: 	 2.3928854940594984e-14
Num subcells: 	 247435
MIN num subcells per cut cell: 	 9
MAX num subcells per cut cell: 	 822
AVG num subcells per cut cell: 	 42.27490175978131
---------------------------------------
---------------------------------------
Running: 196190 ...
---------------------------------------
Has sharp edges
Maximum num facets per vertex: 19
Maximum num facets per bgcell: 47
Not matching requisites
---------------------------------------
Running: 216763 ...
---------------------------------------
Maximum num facets per vertex: 194
Maximum num facets per bgcell: 630
---------------------------------------
Num stl facets:	36858
Minimum stl facet height (scaled):	1.9772736321451287e-7
Num background grid cells:	845500
Background grid partition:	(95, 100, 89)
Background grid size:	2.3795586547851566
---------------------------------------
TIME: 	 127.140729554 s
Domain volume:	1.465788748073477e6
Domain surface:	89101.94712048428
Box volume: 	 1.1392075513847278e7
Volume error: 	 -6.540143267017067e-16
Surface error: 	 1.6723721170420336e-13
Num subcells: 	 3617673
MIN num subcells per cut cell: 	 9
MAX num subcells per cut cell: 	 2025
AVG num subcells per cut cell: 	 175.97397606771088
---------------------------------------
---------------------------------------
Running: 230152 ...
---------------------------------------
Maximum num facets per vertex: 30
Maximum num facets per bgcell: 92
---------------------------------------
Num stl facets:	3270
Minimum stl facet height (scaled):	2.591039005410043e-7
Num background grid cells:	81700
Background grid partition:	(100, 19, 43)
Background grid size:	2.1290117120742797
---------------------------------------
TIME: 	 4.813561041 s
Domain volume:	18198.39164804913
Domain surface:	49423.426474495594
Box volume: 	 788417.4142954206
Volume error: 	 -4.1343949943916246e-15
Surface error: 	 -7.802489245676287e-15
Has a leak!
Num subcells: 	 456609
MIN num subcells per cut cell: 	 9
MAX num subcells per cut cell: 	 1467
AVG num subcells per cut cell: 	 65.30449084668192
---------------------------------------
---------------------------------------
Running: 230153 ...
---------------------------------------
Maximum num facets per vertex: 30
Maximum num facets per bgcell: 100
---------------------------------------
Num stl facets:	3270
Minimum stl facet height (scaled):	2.5910390054056044e-7
Num background grid cells:	81700
Background grid partition:	(100, 19, 43)
Background grid size:	2.1290117120742797
---------------------------------------
TIME: 	 6.894558085 s
Domain volume:	18198.3920303682
Domain surface:	49423.42658445726
Box volume: 	 788417.4142954206
Volume error: 	 -5.020336778904116e-15
Surface error: 	 3.9748530031046415e-15
Has a leak!
Num subcells: 	 459975
MIN num subcells per cut cell: 	 9
MAX num subcells per cut cell: 	 1832
AVG num subcells per cut cell: 	 61.749899315344344
---------------------------------------
---------------------------------------
Running: 47732 ...
---------------------------------------
Maximum num facets per vertex: 277
Maximum num facets per bgcell: 599
---------------------------------------
Num stl facets:	6102
Minimum stl facet height (scaled):	8.561531124923901e-8
Num background grid cells:	211500
Background grid partition:	(100, 45, 47)
Background grid size:	0.8456778335571289
---------------------------------------
TIME: 	 14.473432836 s
Domain volume:	6302.401491752588
Domain surface:	9986.03397402373
Box volume: 	 127916.10106512326
Volume error: 	 -1.3651368458416353e-14
Surface error: 	 -2.29513203583097e-14
Num subcells: 	 318579
MIN num subcells per cut cell: 	 9
MAX num subcells per cut cell: 	 598
AVG num subcells per cut cell: 	 20.480810028929604
---------------------------------------
---------------------------------------
Running: 48479 ...
---------------------------------------
Has sharp edges
Maximum num facets per vertex: 26
Maximum num facets per bgcell: 81
Not matching requisites
---------------------------------------
Running: 51011 ...
---------------------------------------
Maximum num facets per vertex: 26
Maximum num facets per bgcell: 32
---------------------------------------
Num stl facets:	8656
Minimum stl facet height (scaled):	2.086288288963963e-7
Num background grid cells:	547600
Background grid partition:	(74, 74, 100)
Background grid size:	0.35980001068115236
---------------------------------------
TIME: 	 8.071881878 s
Domain volume:	1688.0397576735254
Domain surface:	2193.3292747616356
Box volume: 	 25506.270147504023
Volume error: 	 -1.1980984206175991e-14
Surface error: 	 -8.811610110286246e-14
Num subcells: 	 666486
MIN num subcells per cut cell: 	 9
MAX num subcells per cut cell: 	 481
AVG num subcells per cut cell: 	 33.80946583472835
---------------------------------------
---------------------------------------
Running: 57812 ...
CapturedException(ArgumentError("cannot parse \"-7.74115e-48\" as Float32"), Any[(_parse_failure(::Type{T} where T, ::SubString{String}, ::Int64, ::Int64) at parse.jl:370, 2), (#tryparse_internal#364 at parse.jl:366 [inlined], 1), (tryparse_internal at parse.jl:364 [inlined], 1), (#parse#365 at parse.jl:376 [inlined], 1), (parse at parse.jl:376 [inlined], 1), (_broadcast_getindex_evalf at broadcast.jl:648 [inlined], 1), (_broadcast_getindex at broadcast.jl:631 [inlined], 1), (getindex at broadcast.jl:575 [inlined], 1), (macro expansion at broadcast.jl:932 [inlined], 1), (macro expansion at simdloop.jl:77 [inlined], 1), (copyto! at broadcast.jl:931 [inlined], 1), (copyto! at broadcast.jl:886 [inlined], 1), (copy at broadcast.jl:862 [inlined], 1), (materialize(::Base.Broadcast.Broadcasted{Base.Broadcast.DefaultArrayStyle{1},Nothing,typeof(parse),Tuple{Base.RefValue{Type{Float32}},Array{SubString{String},1}}}) at broadcast.jl:837, 1), (load(::Stream{DataFormat{:STL_ASCII},IOStream,String}; facetype::Type{T} where T, pointtype::Type{T} where T, normaltype::Type{T} where T, topology::Bool) at stl.jl:108, 1), (load at stl.jl:96 [inlined], 1), (#21 at MeshIO.jl:29 [inlined], 1), (open(::MeshIO.var"#21#22"{Base.Iterators.Pairs{Union{},Union{},Tuple{},NamedTuple{(),Tuple{}}}}, ::File{DataFormat{:STL_ASCII},String}; kwargs::Base.Iterators.Pairs{Union{},Union{},Tuple{},NamedTuple{(),Tuple{}}}) at io.jl:325, 1), (open at io.jl:323 [inlined], 1), (#load#20 at MeshIO.jl:27 [inlined], 1), (load(::File{DataFormat{:STL_ASCII},String}) at MeshIO.jl:27, 1), (#invokelatest#1 at essentials.jl:710 [inlined], 1), (invokelatest at essentials.jl:709 [inlined], 1), (action(::Symbol, ::Array{Union{Base.PkgId, Module},1}, ::Formatted; options::Base.Iterators.Pairs{Union{},Union{},Tuple{},NamedTuple{(),Tuple{}}}) at loadsave.jl:212, 1), (action at loadsave.jl:192 [inlined], 1), (load(::Formatted; options::Base.Iterators.Pairs{Union{},Union{},Tuple{},NamedTuple{(),Tuple{}}}) at loadsave.jl:120, 1), (load at loadsave.jl:117 [inlined], 1), (read_stl(::String) at STLs.jl:146, 1), (_run_and_save(::String; title::String, verbose::Bool, vtk::Bool, δ::Float64, nmin::Int64, nmax::Int64, Δx::Int64, θ::Int64, kdtree::Bool, tolfactor::Float64, poisson::Bool, solution_order::Int64, agfem_threshold::Int64, solver::Symbol, threading::Symbol, nruns::Int64, nthreads::Int64, max_num_facets::Int64) at RunSave.jl:168, 1), (run_and_save(::String; datapath::String, verbose::Bool, vtk::Bool, rerun::Bool, params::Base.Iterators.Pairs{Union{},Union{},Tuple{},NamedTuple{(),Tuple{}}}) at RunSave.jl:271, 1), (run_geometry_list(::Array{Int64,1}, ::Dict{Int64,Union{Nothing, String}}; verbose::Bool, params::Base.Iterators.Pairs{Symbol,Any,Tuple{Symbol,Symbol},NamedTuple{(:rerun, :datapath),Tuple{Bool,String}}}) at RunSave.jl:304, 1), (top-level scope at none:5, 1), (eval(::Module, ::Any) at boot.jl:331, 1), (exec_options(::Base.JLOptions) at client.jl:272, 1), (_start() at client.jl:506, 1)])
Failed run of geometry 57812
---------------------------------------
Running: 60514 ...
---------------------------------------
Maximum num facets per vertex: 23
Maximum num facets per bgcell: 63
---------------------------------------
Num stl facets:	11674
Minimum stl facet height (scaled):	8.130461851200826e-7
Num background grid cells:	156880
Background grid partition:	(148, 106, 10)
Background grid size:	0.5902602386474609
---------------------------------------
TIME: 	 10.353744478 s
Domain volume:	4137.766481378123
Domain surface:	4963.1392481660705
Box volume: 	 32262.51116964734
Volume error: 	 -1.2629321513497231e-14
Surface error: 	 -1.3010741910926543e-14
Num subcells: 	 604984
MIN num subcells per cut cell: 	 9
MAX num subcells per cut cell: 	 1001
AVG num subcells per cut cell: 	 38.20066931868409
---------------------------------------
---------------------------------------
Running: 70045 ...
@warn: Unable to fix small facets in 100 iterations
---------------------------------------
Maximum num facets per vertex: 75
Maximum num facets per bgcell: 77
---------------------------------------
Num stl facets:	5296
Minimum stl facet height (scaled):	3.769584801213979e-9
Num background grid cells:	627380
Background grid partition:	(254, 247, 10)
Background grid size:	0.41999999999999993
---------------------------------------
TIME: 	 17.108678388 s
Domain volume:	10766.354420147209
Domain surface:	10133.70339094509
Box volume: 	 46481.32943999997
Volume error: 	 -4.696051749278514e-16
Surface error: 	 -8.949819050547442e-13
Num subcells: 	 982781
MIN num subcells per cut cell: 	 9
MAX num subcells per cut cell: 	 754
AVG num subcells per cut cell: 	 16.52899525715631
---------------------------------------
---------------------------------------
Running: 70060 ...
---------------------------------------
Maximum num facets per vertex: 123
Maximum num facets per bgcell: 123
---------------------------------------
Num stl facets:	2158
Minimum stl facet height (scaled):	1.4058222797964023e-7
Num background grid cells:	470000
Background grid partition:	(100, 100, 47)
Background grid size:	0.14000002336502074
---------------------------------------
TIME: 	 9.835334556 s
Domain volume:	226.31418262191903
Domain surface:	340.3863330496605
Box volume: 	 1289.680645715821
Volume error: 	 2.115627705496328e-15
Surface error: 	 1.64491820444853e-13
Num subcells: 	 503690
MIN num subcells per cut cell: 	 12
MAX num subcells per cut cell: 	 702
AVG num subcells per cut cell: 	 25.464610717896864
---------------------------------------
---------------------------------------
Running: 257585 ...
@warn: Unable to fix small facets in 100 iterations
---------------------------------------
Maximum num facets per vertex: 64
Maximum num facets per bgcell: 255
---------------------------------------
Num stl facets:	82030
Minimum stl facet height (scaled):	2.094102816293744e-16
Num background grid cells:	214200
Background grid partition:	(63, 100, 34)
Background grid size:	1.711106719970703
---------------------------------------
TIME: 	 74.102306628 s
Domain volume:	115757.49119950544
Domain surface:	27453.30720640347
Box volume: 	 1.0731260987190132e6
Volume error: 	 -1.5187539540065154e-14
Surface error: 	 4.198079588084557e-13
Num subcells: 	 2644888
MIN num subcells per cut cell: 	 9
MAX num subcells per cut cell: 	 3470
AVG num subcells per cut cell: 	 212.69706473663047
---------------------------------------
---------------------------------------
Running: 257589 ...
---------------------------------------
Maximum num facets per vertex: 36
Maximum num facets per bgcell: 192
---------------------------------------
Num stl facets:	15648
Minimum stl facet height (scaled):	1.3487352077871783e-7
Num background grid cells:	182700
Background grid partition:	(63, 100, 29)
Background grid size:	1.6773147583007812
---------------------------------------
TIME: 	 7.368491049 s
Domain volume:	67696.62156611515
Domain surface:	17410.820505736603
Box volume: 	 862148.8477450056
Volume error: 	 -5.5361997030888886e-15
Surface error: 	 8.734080860021294e-14
Num subcells: 	 691270
MIN num subcells per cut cell: 	 9
MAX num subcells per cut cell: 	 1416
AVG num subcells per cut cell: 	 86.690494105844
---------------------------------------
---------------------------------------
Running: 313444 ...
---------------------------------------
Maximum num facets per vertex: 26
Maximum num facets per bgcell: 170
---------------------------------------
Num stl facets:	221414
Minimum stl facet height (scaled):	1.981157459361066e-7
Num background grid cells:	486400
Background grid partition:	(76, 64, 100)
Background grid size:	2.089641845703125
---------------------------------------
TIME: 	 203.842526829 s
Domain volume:	695802.0986321215
Domain surface:	50466.99137116216
Box volume: 	 4.438223165818115e6
Volume error: 	 -7.764128565270277e-15
Surface error: 	 4.107477517402621e-13
Num subcells: 	 6398195
MIN num subcells per cut cell: 	 9
MAX num subcells per cut cell: 	 2200
AVG num subcells per cut cell: 	 403.1628859483302
---------------------------------------
---------------------------------------
Running: 313884 ...
---------------------------------------
Maximum num facets per vertex: 39
Maximum num facets per bgcell: 58
---------------------------------------
Num stl facets:	24744
Minimum stl facet height (scaled):	1.089646853135218e-6
Num background grid cells:	236800
Background grid partition:	(100, 37, 64)
Background grid size:	0.42293161165714266
---------------------------------------
TIME: 	 12.954112544 s
Domain volume:	2089.247739971426
Domain surface:	1105.6335325484936
Box volume: 	 17913.982269248136
Volume error: 	 -1.421562847773814e-15
Surface error: 	 1.6452010091922349e-13
Num subcells: 	 937320
MIN num subcells per cut cell: 	 9
MAX num subcells per cut cell: 	 833
AVG num subcells per cut cell: 	 104.85736659581609
---------------------------------------
---------------------------------------
Running: 314003 ...
---------------------------------------
Maximum num facets per vertex: 34
Maximum num facets per bgcell: 92
---------------------------------------
Num stl facets:	76972
Minimum stl facet height (scaled):	4.127303684310934e-7
Num background grid cells:	576200
Background grid partition:	(86, 67, 100)
Background grid size:	0.5774458999633789
---------------------------------------
TIME: 	 42.489719189 s
Domain volume:	20374.38693521036
Domain surface:	4714.982460347545
Box volume: 	 110944.85328171922
Volume error: 	 -4.45955898925865e-15
Surface error: 	 1.5875226384274345e-13
Num subcells: 	 2573681
MIN num subcells per cut cell: 	 9
MAX num subcells per cut cell: 	 1298
AVG num subcells per cut cell: 	 135.12973852777486
---------------------------------------
---------------------------------------
Running: 316358 ...
---------------------------------------
Maximum num facets per vertex: 22
Maximum num facets per bgcell: 163
---------------------------------------
Num stl facets:	208216
Minimum stl facet height (scaled):	1.9028420387841915e-7
Num background grid cells:	341000
Background grid partition:	(62, 55, 100)
Background grid size:	2.046962951660156
---------------------------------------
TIME: 	 200.067686265 s
Domain volume:	367989.5214459613
Domain surface:	37559.962499306566
Box volume: 	 2.9247202097036242e6
Volume error: 	 -3.343529066820879e-15
Surface error: 	 2.5841685697895405e-13
Num subcells: 	 5990061
MIN num subcells per cut cell: 	 9
MAX num subcells per cut cell: 	 4463
AVG num subcells per cut cell: 	 458.1659017898118
---------------------------------------
---------------------------------------
Running: 353686 ...
---------------------------------------
Maximum num facets per vertex: 12
Maximum num facets per bgcell: 137
---------------------------------------
Num stl facets:	173890
Minimum stl facet height (scaled):	1.6608966494065187e-7
Num background grid cells:	345000
Background grid partition:	(69, 50, 100)
Background grid size:	2.0779340209960937
---------------------------------------
TIME: 	 152.631688368 s
Domain volume:	188021.5817606072
Domain surface:	32108.107932492214
Box volume: 	 3.095382735320579e6
Volume error: 	 -4.3626841934058456e-15
Surface error: 	 2.0100139246288074e-13
Num subcells: 	 4921767
MIN num subcells per cut cell: 	 9
MAX num subcells per cut cell: 	 2241
AVG num subcells per cut cell: 	 457.3707833844438
---------------------------------------
---------------------------------------
Running: 360073 ...
---------------------------------------
Has sharp edges
Maximum num facets per vertex: 14
Maximum num facets per bgcell: 19
Not matching requisites
---------------------------------------
Running: 372056 ...
---------------------------------------
Maximum num facets per vertex: 39
Maximum num facets per bgcell: 586
---------------------------------------
Num stl facets:	498974
Minimum stl facet height (scaled):	1.3575419200902526e-7
Num background grid cells:	584600
Background grid partition:	(100, 74, 79)
Background grid size:	1.4012474517822266
---------------------------------------
TIME: 	 1750.743090222 s
Domain volume:	101756.62624087236
Domain surface:	17935.477165167846
Box volume: 	 1.6084342725804579e6
Volume error: 	 -7.816828434734833e-15
Surface error: 	 4.505010296709014e-13
Num subcells: 	 13131167
MIN num subcells per cut cell: 	 9
MAX num subcells per cut cell: 	 10086
AVG num subcells per cut cell: 	 1045.6415830546266
---------------------------------------
---------------------------------------
Running: 390936 ...
---------------------------------------
Maximum num facets per vertex: 124
Maximum num facets per bgcell: 266
---------------------------------------
Num stl facets:	95136
Minimum stl facet height (scaled):	3.990914799968756e-7
Num background grid cells:	393600
Background grid partition:	(100, 96, 41)
Background grid size:	0.616
---------------------------------------
TIME: 	 182.280801375 s
Domain volume:	7705.252250689695
Domain surface:	7822.336227338032
Box volume: 	 92001.99106559998
Volume error: 	 -3.0684896289801386e-14
Surface error: 	 -2.674185503260578e-15
Num subcells: 	 4601920
MIN num subcells per cut cell: 	 9
MAX num subcells per cut cell: 	 18010
AVG num subcells per cut cell: 	 175.75313168347083
---------------------------------------
---------------------------------------
Running: 398259 ...
---------------------------------------
Maximum num facets per vertex: 11
Maximum num facets per bgcell: 154
---------------------------------------
Num stl facets:	587684
Minimum stl facet height (scaled):	1.6608966494065187e-7
Num background grid cells:	872200
Background grid partition:	(89, 100, 98)
Background grid size:	2.6525675201416017
---------------------------------------
TIME: 	 808.043107842 s
Domain volume:	2.440423819908474e6
Domain surface:	107656.32679577374
Box volume: 	 1.6278539021046367e7
Volume error: 	 -6.8654016683785725e-15
Surface error: 	 4.622817029174856e-13
Num subcells: 	 16679085
MIN num subcells per cut cell: 	 9
MAX num subcells per cut cell: 	 2715
AVG num subcells per cut cell: 	 755.9411258158085
---------------------------------------
---------------------------------------
Running: 428602 ...
---------------------------------------
Has sharp edges
Maximum num facets per vertex: 128
Maximum num facets per bgcell: 128
Not matching requisites
---------------------------------------
Running: 434512 ...
---------------------------------------
Maximum num facets per vertex: 592
Maximum num facets per bgcell: 6027
Please refine your mesh
Not matching requisites
---------------------------------------
Running: 449818 ...
---------------------------------------
Maximum num facets per vertex: 16
Maximum num facets per bgcell: 22
---------------------------------------
Num stl facets:	998
Minimum stl facet height (scaled):	7.888218492362238e-7
Num background grid cells:	187200
Background grid partition:	(100, 36, 52)
Background grid size:	0.78522208404541
---------------------------------------
TIME: 	 0.912579027 s
Domain volume:	11872.476066206777
Domain surface:	5586.999001575895
Box volume: 	 90632.37500653155
Volume error: 	 -2.729516454406149e-15
Surface error: 	 1.3153245934447957e-13
Num subcells: 	 180939
MIN num subcells per cut cell: 	 9
MAX num subcells per cut cell: 	 319
AVG num subcells per cut cell: 	 17.75129991170411
---------------------------------------
---------------------------------------
Running: 461112 ...
---------------------------------------
Maximum num facets per vertex: 10
Maximum num facets per bgcell: 2082
Please refine your mesh
Not matching requisites
---------------------------------------
Running: 461115 ...
---------------------------------------
Maximum num facets per vertex: 12
Maximum num facets per bgcell: 1247
---------------------------------------
Num stl facets:	821952
Minimum stl facet height (scaled):	0.0002656363231334337
Num background grid cells:	472500
Background grid partition:	(63, 75, 100)
Background grid size:	2.113747924804687
---------------------------------------
TIME: 	 2606.574478926 s
Domain volume:	473049.40301832085
Domain surface:	52166.45359045545
Box volume: 	 4.462327033533217e6
Volume error: 	 -1.774016522039529e-14
Surface error: 	 1.429766379912284e-12
Num subcells: 	 24570196
MIN num subcells per cut cell: 	 9
MAX num subcells per cut cell: 	 24588
AVG num subcells per cut cell: 	 1402.5685580545723
---------------------------------------
---------------------------------------
Running: 471988 ...
@warn: Unable to fix small facets in 100 iterations
---------------------------------------
Maximum num facets per vertex: 103
Maximum num facets per bgcell: 2198
Please refine your mesh
Not matching requisites
---------------------------------------
Running: 471990 ...
@warn: Unable to fix small facets in 100 iterations
---------------------------------------
Has sharp edges
Maximum num facets per vertex: 124
Maximum num facets per bgcell: 1669
Not matching requisites
---------------------------------------
Running: 471995 ...
@warn: Unable to fix small facets in 100 iterations
---------------------------------------
Maximum num facets per vertex: 323
Maximum num facets per bgcell: 872
---------------------------------------
Num stl facets:	43346
Minimum stl facet height (scaled):	7.98685313448434e-17
Num background grid cells:	364000
Background grid partition:	(70, 52, 100)
Background grid size:	1.5550494232177732
---------------------------------------
TIME: 	 4989.288417399 s
Domain volume:	73809.78712780362
Domain surface:	24503.57532133705
Box volume: 	 1.3687810158289794e6
Volume error: 	 -2.5515108804258908e-15
Surface error: 	 2.1854381386436904e-13
Num subcells: 	 2396616
MIN num subcells per cut cell: 	 12
MAX num subcells per cut cell: 	 36137
AVG num subcells per cut cell: 	 196.8311432325887
---------------------------------------
---------------------------------------
Running: 471999 ...
---------------------------------------
Maximum num facets per vertex: 40
Maximum num facets per bgcell: 1522
---------------------------------------
Num stl facets:	24588
Minimum stl facet height (scaled):	2.360699840584621e-7
Num background grid cells:	35000
Background grid partition:	(100, 25, 14)
Background grid size:	2.785533233642578
---------------------------------------
TIME: 	 3087.977428366 s
Domain volume:	64873.932894913116
Domain surface:	23005.553567196483
Box volume: 	 756472.3824393688
Volume error: 	 -5.2323403127450286e-15
Surface error: 	 2.2138873185780307e-15
Num subcells: 	 1079128
MIN num subcells per cut cell: 	 12
MAX num subcells per cut cell: 	 43590
AVG num subcells per cut cell: 	 334.0953560371517
---------------------------------------
---------------------------------------
Running: 472008 ...
@warn: Unable to fix small facets in 100 iterations
---------------------------------------
Has sharp edges
Maximum num facets per vertex: 343
Maximum num facets per bgcell: 782
Not matching requisites
END of run_geometry_list()
